#
# A fatal error has been detected by the Java Runtime Environment:
#
#  SIGSEGV (0xb) at pc=0x00007f0581195401, pid=56, tid=79
#
# JRE version: OpenJDK Runtime Environment (11.0.6+10) (build 11.0.6+10-post-Ubuntu-1ubuntu118.04.1)
# Java VM: OpenJDK 64-Bit Server VM (11.0.6+10-post-Ubuntu-1ubuntu118.04.1, mixed mode, sharing, tiered, compressed oops, serial gc, linux-amd64)
# Problematic frame:
# C  [libjimage.so+0x2401]
#
# Core dump will be written. Default location: /home/runner/Contact-Manager-CAS/core
#
# If you would like to submit a bug report, please visit:
#   https://bugs.launchpad.net/ubuntu/+source/openjdk-lts
#

---------------  S U M M A R Y ------------

Command Line: Main

Host: Intel(R) Xeon(R) CPU @ 2.30GHz, 4 cores, 953M, Ubuntu 18.04.4 LTS
Time: Mon Apr 20 08:53:27 2020 UTC elapsed time: 3935 seconds (0d 1h 5m 35s)

---------------  T H R E A D  ---------------

Current thread (0x00007f0510008000):  JavaThread "XToolkt-Shutdown-Thread" [_thread_in_vm, id=79, stack(0x00007f057beff000,0x00007f057c000000)]

Stack: [0x00007f057beff000,0x00007f057c000000],  sp=0x00007f057bffcfc0,  free space=1015k
Native frames: (J=compiled Java code, A=aot compiled Java code, j=interpreted, Vv=VM code, C=native code)
C  [libjimage.so+0x2401]
C  [libjimage.so+0x30ea]
C  [libjimage.so+0x35c6]  JIMAGE_FindResource+0xd6
V  [libjvm.so+0x59098e]
V  [libjvm.so+0x5936f0]
V  [libjvm.so+0xd49c05]
V  [libjvm.so+0xd4759a]
V  [libjvm.so+0xd4a192]
V  [libjvm.so+0x646187]
V  [libjvm.so+0xa3788a]
V  [libjvm.so+0x83e9f6]
V  [libjvm.so+0x83f8ed]
j  sun.awt.X11.XToolkit.lambda$init$0()V+0 java.desktop@11.0.6
j  sun.awt.X11.XToolkit$$Lambda$56.run()V+4 java.desktop@11.0.6
j  java.lang.Thread.run()V+11 java.base@11.0.6
v  ~StubRoutines::call_stub
V  [libjvm.so+0x8493b9]
V  [libjvm.so+0x8474fd]
V  [libjvm.so+0x8f20dc]
V  [libjvm.so+0xd83203]
V  [libjvm.so+0xd834d5]
V  [libjvm.so+0xd7f20a]
V  [libjvm.so+0xbcf1fe]

Java frames: (J=compiled Java code, j=interpreted, Vv=VM code)
j  sun.awt.X11.XToolkit.lambda$init$0()V+0 java.desktop@11.0.6
j  sun.awt.X11.XToolkit$$Lambda$56.run()V+4 java.desktop@11.0.6
j  java.lang.Thread.run()V+11 java.base@11.0.6
v  ~StubRoutines::call_stub

siginfo: si_signo: 11 (SIGSEGV), si_code: 1 (SEGV_MAPERR), si_addr: 0x00007f0573926f28

Register to memory mapping:

RAX=0x0000000000005bc3 is an unknown value
RBX=0x00007f057bffd071 is pointing into the stack for thread: 0x00007f0510008000
RCX=0x00007f057391001c is an unknown value
RDX=0x0000000000005bc3 is an unknown value
RSP=0x00007f057bffcfc0 is pointing into the stack for thread: 0x00007f0510008000
RBP=0x00007f057bffcfe0 is pointing into the stack for thread: 0x00007f0510008000
RSI=0x00007f057bffd070 is pointing into the stack for thread: 0x00007f0510008000
RDI=0x00007f0581398130: <offset 0x0000000000205130> in /usr/lib/jvm/java-11-openjdk-amd64/lib/libjimage.so at 0x00007f0581193000
R8 =0x0 is NULL
R9 =0x00000000ca0d71f0 is an unknown value
R10=0x00007f057bffd094 is pointing into the stack for thread: 0x00007f0510008000
R11=0x00007f0583c108dd: <offset 0x0000000000eac8dd> in /usr/lib/jvm/java-11-openjdk-amd64/lib/server/libjvm.so at 0x00007f0582d64000
R12=0x00007f057bffd070 is pointing into the stack for thread: 0x00007f0510008000
R13=0x00000000000083a0 is an unknown value
R14=0x00007f057bffe108 is pointing into the stack for thread: 0x00007f0510008000
R15=0x00007f05542aa250 points into unknown readable memory: 73 75 6e 2f 61 77 74 2f


Registers:
RAX=0x0000000000005bc3, RBX=0x00007f057bffd071, RCX=0x00007f057391001c, RDX=0x0000000000005bc3
RSP=0x00007f057bffcfc0, RBP=0x00007f057bffcfe0, RSI=0x00007f057bffd070, RDI=0x00007f0581398130
R8 =0x0000000000000000, R9 =0x00000000ca0d71f0, R10=0x00007f057bffd094, R11=0x00007f0583c108dd
R12=0x00007f057bffd070, R13=0x00000000000083a0, R14=0x00007f057bffe108, R15=0x00007f05542aa250
RIP=0x00007f0581195401, EFLAGS=0x0000000000010246, CSGSFS=0x002b000000000033, ERR=0x0000000000000004
  TRAPNO=0x000000000000000e

Top of Stack: (sp=0x00007f057bffcfc0)
0x00007f057bffcfc0:   0000000000000000 00007f057c020fa0
0x00007f057bffcfd0:   0000000000000000 00007f057bffd070
0x00007f057bffcfe0:   00007f057bffd050 00007f05811960ea
0x00007f057bffcff0:   0000000000000000 0000000000000000 

Instructions: (pc=0x00007f0581195401)
0x00007f0581195301:   c5 4c 01 e3 48 89 ce e8 d3 f3 ff ff e9 69 fd ff
0x00007f0581195311:   ff 89 d1 0f b7 74 08 fe 66 41 89 74 0e fe e9 7a
0x00007f0581195321:   fe ff ff 0f 1f 40 00 8b 08 49 8d 1c 16 41 89 0e
0x00007f0581195331:   89 d1 8b 74 08 fc 41 89 74 0e fc 48 8d 34 10 48
0x00007f0581195341:   89 75 b8 e9 0b fe ff ff 0f 1f 80 00 00 00 00 0f
0x00007f0581195351:   b6 17 55 89 f0 48 89 e5 84 d2 74 22 48 8d 4f 01
0x00007f0581195361:   0f 1f 80 00 00 00 00 48 83 c1 01 0f b6 f2 0f b6
0x00007f0581195371:   51 ff 69 c0 93 01 00 01 